ISim log file
Running: /home/ise/xilinx_vm_common_folder/synchronou_counter/main_isim_beh.exe -intstyle ise -gui -tclbatch isim.cmd -wdb /home/ise/xilinx_vm_common_folder/synchronou_counter/main_isim_beh.wdb 
ISim P.20160913 (signature 0xfbc00daa)
----------------------------------------------------------------------
WARNING:Security:42 - Your software subscription period has lapsed. Your current version of Xilinx tools will continue to function, but you no longer qualify for Xilinx software updates or new releases.


----------------------------------------------------------------------
This is a Full version of ISim.
Time resolution is 1 ps
# onerror resume
# wave add /
# run 1000 ns
Simulator is doing circuit initialization process.
Finished circuit initialization process.
# isim force add /main/m 0 -radix bin
# isim force add /main/m 0 -radix bin
# isim force add /main/clk 0 -radix bin -value 1 -radix bin -time 500 ns -repeat 1 us
# isim force add /main/clk 0 -radix bin -value 1 -radix bin -time 500 ns -repeat 1 us
# run 16.00us
# isim force add /main/m 1 -radix bin
# isim force add /main/m 1 -radix bin
# run 16.00us
# exit 0
